<?xml version="1.0" encoding="UTF-8"?>
<!-- Generated by org.testng.reporters.JUnitXMLReporter -->
<testsuite ignored="0" hostname="DESKTOP-TG07KJ2" failures="0" tests="9" name="Command line test" time="175.895" errors="0" timestamp="2024-09-27T10:11:36 CDT">
  <testcase classname="bag.com.AddProductToBagTest" name="testAddProductToBagTest" time="26.438"/>
  <testcase classname="bag.com.RemoveProductToBagTest" name="testRemoveProductToBag" time="27.188"/>
  <testcase classname="FAQReturn.com.FAQReturnsTest" name="testFAQReturns" time="13.39"/>
  <testcase classname="product.com.SearchNonExistentProductTest" name="testSearchNonExistentProduct" time="13.25"/>
  <testcase classname="product.com.SearchProductByNameTest" name="testSearchProductByName" time="20.497"/>
  <testcase classname="rewards.com.RewardsTest" name="RewardsttestCase" time="11.335"/>
  <testcase classname="store.com.SearchStoreByCityStateTest" name="testSearchStoreByCityStateDirections" time="19.916"/>
  <testcase classname="store.com.SearchStoreByInvalidZipCodeTest" name="SearchStoreByInvalidZipCodeTestCase" time="14.762"/>
  <testcase classname="store.com.SearchStoreByZipCodeTest" name="testSearchStoreByZipCode" time="18.911"/>
</testsuite> <!-- Command line test -->
