<?xml version="1.0" encoding="UTF-8"?>
<testng-results ignored="0" total="9" passed="9" failed="0" skipped="0">
  <reporter-output>
  </reporter-output>
  <suite started-at="2024-09-27T10:08:40 CDT" name="Command line suite" finished-at="2024-09-27T10:11:36 CDT" duration-ms="175895">
    <groups>
    </groups>
    <test started-at="2024-09-27T10:08:40 CDT" name="Command line test" finished-at="2024-09-27T10:11:36 CDT" duration-ms="175895">
      <class name="store.com.SearchStoreByZipCodeTest">
        <test-method is-config="true" signature="setUpClass()[pri:0, instance:store.com.SearchStoreByZipCodeTest@5e403b4a]" started-at="2024-09-27T10:11:16 CDT" name="setUpClass" finished-at="2024-09-27T10:11:16 CDT" duration-ms="0" status="PASS">
          <reporter-output>
          </reporter-output>
        </test-method> <!-- setUpClass -->
        <test-method is-config="true" signature="setUpMethod()[pri:0, instance:store.com.SearchStoreByZipCodeTest@5e403b4a]" started-at="2024-09-27T10:11:16 CDT" name="setUpMethod" finished-at="2024-09-27T10:11:17 CDT" duration-ms="1041" status="PASS">
          <reporter-output>
          </reporter-output>
        </test-method> <!-- setUpMethod -->
        <test-method signature="testSearchStoreByZipCode()[pri:0, instance:store.com.SearchStoreByZipCodeTest@5e403b4a]" started-at="2024-09-27T10:11:17 CDT" name="testSearchStoreByZipCode" finished-at="2024-09-27T10:11:36 CDT" duration-ms="18911" status="PASS">
          <reporter-output>
          </reporter-output>
        </test-method> <!-- testSearchStoreByZipCode -->
        <test-method is-config="true" signature="tearDownClass()[pri:0, instance:store.com.SearchStoreByZipCodeTest@5e403b4a]" started-at="2024-09-27T10:11:36 CDT" name="tearDownClass" finished-at="2024-09-27T10:11:36 CDT" duration-ms="1" status="PASS">
          <reporter-output>
          </reporter-output>
        </test-method> <!-- tearDownClass -->
        <test-method is-config="true" signature="tearDownMethod()[pri:0, instance:store.com.SearchStoreByZipCodeTest@5e403b4a]" started-at="2024-09-27T10:11:36 CDT" name="tearDownMethod" finished-at="2024-09-27T10:11:36 CDT" duration-ms="0" status="PASS">
          <reporter-output>
          </reporter-output>
        </test-method> <!-- tearDownMethod -->
      </class> <!-- store.com.SearchStoreByZipCodeTest -->
      <class name="product.com.SearchNonExistentProductTest">
        <test-method is-config="true" signature="setUpClass()[pri:0, instance:product.com.SearchNonExistentProductTest@df6620a]" started-at="2024-09-27T10:09:52 CDT" name="setUpClass" finished-at="2024-09-27T10:09:52 CDT" duration-ms="1" status="PASS">
          <reporter-output>
          </reporter-output>
        </test-method> <!-- setUpClass -->
        <test-method is-config="true" signature="setUpMethod()[pri:0, instance:product.com.SearchNonExistentProductTest@df6620a]" started-at="2024-09-27T10:09:52 CDT" name="setUpMethod" finished-at="2024-09-27T10:09:52 CDT" duration-ms="980" status="PASS">
          <reporter-output>
          </reporter-output>
        </test-method> <!-- setUpMethod -->
        <test-method signature="testSearchNonExistentProduct()[pri:0, instance:product.com.SearchNonExistentProductTest@df6620a]" started-at="2024-09-27T10:09:52 CDT" name="testSearchNonExistentProduct" finished-at="2024-09-27T10:10:06 CDT" duration-ms="13250" status="PASS">
          <reporter-output>
          </reporter-output>
        </test-method> <!-- testSearchNonExistentProduct -->
        <test-method is-config="true" signature="tearDownClass()[pri:0, instance:product.com.SearchNonExistentProductTest@df6620a]" started-at="2024-09-27T10:10:06 CDT" name="tearDownClass" finished-at="2024-09-27T10:10:06 CDT" duration-ms="1" status="PASS">
          <reporter-output>
          </reporter-output>
        </test-method> <!-- tearDownClass -->
        <test-method is-config="true" signature="tearDownMethod()[pri:0, instance:product.com.SearchNonExistentProductTest@df6620a]" started-at="2024-09-27T10:10:06 CDT" name="tearDownMethod" finished-at="2024-09-27T10:10:06 CDT" duration-ms="0" status="PASS">
          <reporter-output>
          </reporter-output>
        </test-method> <!-- tearDownMethod -->
      </class> <!-- product.com.SearchNonExistentProductTest -->
      <class name="bag.com.AddProductToBagTest">
        <test-method is-config="true" signature="setUpClass()[pri:0, instance:bag.com.AddProductToBagTest@6d026701]" started-at="2024-09-27T10:08:40 CDT" name="setUpClass" finished-at="2024-09-27T10:08:40 CDT" duration-ms="20" status="PASS">
          <reporter-output>
          </reporter-output>
        </test-method> <!-- setUpClass -->
        <test-method is-config="true" signature="setUpMethod()[pri:0, instance:bag.com.AddProductToBagTest@6d026701]" started-at="2024-09-27T10:08:40 CDT" name="setUpMethod" finished-at="2024-09-27T10:08:42 CDT" duration-ms="2008" status="PASS">
          <reporter-output>
          </reporter-output>
        </test-method> <!-- setUpMethod -->
        <test-method signature="testAddProductToBagTest()[pri:0, instance:bag.com.AddProductToBagTest@6d026701]" started-at="2024-09-27T10:08:42 CDT" name="testAddProductToBagTest" finished-at="2024-09-27T10:09:09 CDT" duration-ms="26438" status="PASS">
          <reporter-output>
          </reporter-output>
        </test-method> <!-- testAddProductToBagTest -->
        <test-method is-config="true" signature="tearDownMethod()[pri:0, instance:bag.com.AddProductToBagTest@6d026701]" started-at="2024-09-27T10:09:09 CDT" name="tearDownMethod" finished-at="2024-09-27T10:09:09 CDT" duration-ms="5" status="PASS">
          <reporter-output>
          </reporter-output>
        </test-method> <!-- tearDownMethod -->
        <test-method is-config="true" signature="tearDownClass()[pri:0, instance:bag.com.AddProductToBagTest@6d026701]" started-at="2024-09-27T10:09:09 CDT" name="tearDownClass" finished-at="2024-09-27T10:09:09 CDT" duration-ms="1" status="PASS">
          <reporter-output>
          </reporter-output>
        </test-method> <!-- tearDownClass -->
      </class> <!-- bag.com.AddProductToBagTest -->
      <class name="product.com.SearchProductByNameTest">
        <test-method is-config="true" signature="setUpClass()[pri:0, instance:product.com.SearchProductByNameTest@4e31276e]" started-at="2024-09-27T10:10:06 CDT" name="setUpClass" finished-at="2024-09-27T10:10:06 CDT" duration-ms="1" status="PASS">
          <reporter-output>
          </reporter-output>
        </test-method> <!-- setUpClass -->
        <test-method is-config="true" signature="setUpMethod()[pri:0, instance:product.com.SearchProductByNameTest@4e31276e]" started-at="2024-09-27T10:10:06 CDT" name="setUpMethod" finished-at="2024-09-27T10:10:07 CDT" duration-ms="1013" status="PASS">
          <reporter-output>
          </reporter-output>
        </test-method> <!-- setUpMethod -->
        <test-method signature="testSearchProductByName()[pri:0, instance:product.com.SearchProductByNameTest@4e31276e]" started-at="2024-09-27T10:10:07 CDT" name="testSearchProductByName" finished-at="2024-09-27T10:10:27 CDT" duration-ms="20497" status="PASS">
          <reporter-output>
          </reporter-output>
        </test-method> <!-- testSearchProductByName -->
        <test-method is-config="true" signature="tearDownMethod()[pri:0, instance:product.com.SearchProductByNameTest@4e31276e]" started-at="2024-09-27T10:10:27 CDT" name="tearDownMethod" finished-at="2024-09-27T10:10:27 CDT" duration-ms="1" status="PASS">
          <reporter-output>
          </reporter-output>
        </test-method> <!-- tearDownMethod -->
        <test-method is-config="true" signature="tearDownClass()[pri:0, instance:product.com.SearchProductByNameTest@4e31276e]" started-at="2024-09-27T10:10:27 CDT" name="tearDownClass" finished-at="2024-09-27T10:10:27 CDT" duration-ms="0" status="PASS">
          <reporter-output>
          </reporter-output>
        </test-method> <!-- tearDownClass -->
      </class> <!-- product.com.SearchProductByNameTest -->
      <class name="store.com.SearchStoreByInvalidZipCodeTest">
        <test-method is-config="true" signature="setUpClass()[pri:0, instance:store.com.SearchStoreByInvalidZipCodeTest@198d6542]" started-at="2024-09-27T10:11:00 CDT" name="setUpClass" finished-at="2024-09-27T10:11:00 CDT" duration-ms="0" status="PASS">
          <reporter-output>
          </reporter-output>
        </test-method> <!-- setUpClass -->
        <test-method is-config="true" signature="setUpMethod()[pri:0, instance:store.com.SearchStoreByInvalidZipCodeTest@198d6542]" started-at="2024-09-27T10:11:00 CDT" name="setUpMethod" finished-at="2024-09-27T10:11:01 CDT" duration-ms="926" status="PASS">
          <reporter-output>
          </reporter-output>
        </test-method> <!-- setUpMethod -->
        <test-method signature="SearchStoreByInvalidZipCodeTestCase()[pri:0, instance:store.com.SearchStoreByInvalidZipCodeTest@198d6542]" started-at="2024-09-27T10:11:01 CDT" name="SearchStoreByInvalidZipCodeTestCase" finished-at="2024-09-27T10:11:16 CDT" duration-ms="14762" status="PASS">
          <reporter-output>
          </reporter-output>
        </test-method> <!-- SearchStoreByInvalidZipCodeTestCase -->
        <test-method is-config="true" signature="tearDownMethod()[pri:0, instance:store.com.SearchStoreByInvalidZipCodeTest@198d6542]" started-at="2024-09-27T10:11:16 CDT" name="tearDownMethod" finished-at="2024-09-27T10:11:16 CDT" duration-ms="1" status="PASS">
          <reporter-output>
          </reporter-output>
        </test-method> <!-- tearDownMethod -->
        <test-method is-config="true" signature="tearDownClass()[pri:0, instance:store.com.SearchStoreByInvalidZipCodeTest@198d6542]" started-at="2024-09-27T10:11:16 CDT" name="tearDownClass" finished-at="2024-09-27T10:11:16 CDT" duration-ms="0" status="PASS">
          <reporter-output>
          </reporter-output>
        </test-method> <!-- tearDownClass -->
      </class> <!-- store.com.SearchStoreByInvalidZipCodeTest -->
      <class name="bag.com.RemoveProductToBagTest">
        <test-method is-config="true" signature="setUpClass()[pri:0, instance:bag.com.RemoveProductToBagTest@5170bcf4]" started-at="2024-09-27T10:09:09 CDT" name="setUpClass" finished-at="2024-09-27T10:09:09 CDT" duration-ms="0" status="PASS">
          <reporter-output>
          </reporter-output>
        </test-method> <!-- setUpClass -->
        <test-method is-config="true" signature="setUpMethod()[pri:0, instance:bag.com.RemoveProductToBagTest@5170bcf4]" started-at="2024-09-27T10:09:09 CDT" name="setUpMethod" finished-at="2024-09-27T10:09:10 CDT" duration-ms="1165" status="PASS">
          <reporter-output>
          </reporter-output>
        </test-method> <!-- setUpMethod -->
        <test-method signature="testRemoveProductToBag()[pri:0, instance:bag.com.RemoveProductToBagTest@5170bcf4]" started-at="2024-09-27T10:09:10 CDT" name="testRemoveProductToBag" finished-at="2024-09-27T10:09:37 CDT" duration-ms="27188" status="PASS">
          <reporter-output>
          </reporter-output>
        </test-method> <!-- testRemoveProductToBag -->
        <test-method is-config="true" signature="tearDownMethod()[pri:0, instance:bag.com.RemoveProductToBagTest@5170bcf4]" started-at="2024-09-27T10:09:37 CDT" name="tearDownMethod" finished-at="2024-09-27T10:09:37 CDT" duration-ms="0" status="PASS">
          <reporter-output>
          </reporter-output>
        </test-method> <!-- tearDownMethod -->
        <test-method is-config="true" signature="tearDownClass()[pri:0, instance:bag.com.RemoveProductToBagTest@5170bcf4]" started-at="2024-09-27T10:09:37 CDT" name="tearDownClass" finished-at="2024-09-27T10:09:37 CDT" duration-ms="1" status="PASS">
          <reporter-output>
          </reporter-output>
        </test-method> <!-- tearDownClass -->
      </class> <!-- bag.com.RemoveProductToBagTest -->
      <class name="rewards.com.RewardsTest">
        <test-method is-config="true" signature="setUpClass()[pri:0, instance:rewards.com.RewardsTest@1a72a540]" started-at="2024-09-27T10:10:27 CDT" name="setUpClass" finished-at="2024-09-27T10:10:27 CDT" duration-ms="0" status="PASS">
          <reporter-output>
          </reporter-output>
        </test-method> <!-- setUpClass -->
        <test-method is-config="true" signature="setUpMethod()[pri:0, instance:rewards.com.RewardsTest@1a72a540]" started-at="2024-09-27T10:10:27 CDT" name="setUpMethod" finished-at="2024-09-27T10:10:28 CDT" duration-ms="984" status="PASS">
          <reporter-output>
          </reporter-output>
        </test-method> <!-- setUpMethod -->
        <test-method signature="RewardsttestCase()[pri:0, instance:rewards.com.RewardsTest@1a72a540]" started-at="2024-09-27T10:10:28 CDT" name="RewardsttestCase" finished-at="2024-09-27T10:10:40 CDT" duration-ms="11335" status="PASS">
          <reporter-output>
          </reporter-output>
        </test-method> <!-- RewardsttestCase -->
        <test-method is-config="true" signature="tearDownMethod()[pri:0, instance:rewards.com.RewardsTest@1a72a540]" started-at="2024-09-27T10:10:40 CDT" name="tearDownMethod" finished-at="2024-09-27T10:10:40 CDT" duration-ms="0" status="PASS">
          <reporter-output>
          </reporter-output>
        </test-method> <!-- tearDownMethod -->
        <test-method is-config="true" signature="tearDownClass()[pri:0, instance:rewards.com.RewardsTest@1a72a540]" started-at="2024-09-27T10:10:40 CDT" name="tearDownClass" finished-at="2024-09-27T10:10:40 CDT" duration-ms="0" status="PASS">
          <reporter-output>
          </reporter-output>
        </test-method> <!-- tearDownClass -->
      </class> <!-- rewards.com.RewardsTest -->
      <class name="store.com.SearchStoreByCityStateTest">
        <test-method is-config="true" signature="setUpMethod()[pri:0, instance:store.com.SearchStoreByCityStateTest@27d5a580]" started-at="2024-09-27T10:10:40 CDT" name="setUpMethod" finished-at="2024-09-27T10:10:41 CDT" duration-ms="953" status="PASS">
          <reporter-output>
          </reporter-output>
        </test-method> <!-- setUpMethod -->
        <test-method is-config="true" signature="setUpClass()[pri:0, instance:store.com.SearchStoreByCityStateTest@27d5a580]" started-at="2024-09-27T10:10:40 CDT" name="setUpClass" finished-at="2024-09-27T10:10:40 CDT" duration-ms="0" status="PASS">
          <reporter-output>
          </reporter-output>
        </test-method> <!-- setUpClass -->
        <test-method signature="testSearchStoreByCityStateDirections()[pri:0, instance:store.com.SearchStoreByCityStateTest@27d5a580]" started-at="2024-09-27T10:10:41 CDT" name="testSearchStoreByCityStateDirections" finished-at="2024-09-27T10:11:00 CDT" duration-ms="19916" status="PASS">
          <reporter-output>
          </reporter-output>
        </test-method> <!-- testSearchStoreByCityStateDirections -->
        <test-method is-config="true" signature="tearDownClass()[pri:0, instance:store.com.SearchStoreByCityStateTest@27d5a580]" started-at="2024-09-27T10:11:00 CDT" name="tearDownClass" finished-at="2024-09-27T10:11:00 CDT" duration-ms="0" status="PASS">
          <reporter-output>
          </reporter-output>
        </test-method> <!-- tearDownClass -->
        <test-method is-config="true" signature="tearDownMethod()[pri:0, instance:store.com.SearchStoreByCityStateTest@27d5a580]" started-at="2024-09-27T10:11:00 CDT" name="tearDownMethod" finished-at="2024-09-27T10:11:00 CDT" duration-ms="0" status="PASS">
          <reporter-output>
          </reporter-output>
        </test-method> <!-- tearDownMethod -->
      </class> <!-- store.com.SearchStoreByCityStateTest -->
      <class name="FAQReturn.com.FAQReturnsTest">
        <test-method is-config="true" signature="setUpClass()[pri:0, instance:FAQReturn.com.FAQReturnsTest@2812b107]" started-at="2024-09-27T10:09:37 CDT" name="setUpClass" finished-at="2024-09-27T10:09:37 CDT" duration-ms="1" status="PASS">
          <reporter-output>
          </reporter-output>
        </test-method> <!-- setUpClass -->
        <test-method is-config="true" signature="setUpMethod()[pri:0, instance:FAQReturn.com.FAQReturnsTest@2812b107]" started-at="2024-09-27T10:09:37 CDT" name="setUpMethod" finished-at="2024-09-27T10:09:38 CDT" duration-ms="1005" status="PASS">
          <reporter-output>
          </reporter-output>
        </test-method> <!-- setUpMethod -->
        <test-method signature="testFAQReturns()[pri:0, instance:FAQReturn.com.FAQReturnsTest@2812b107]" started-at="2024-09-27T10:09:38 CDT" name="testFAQReturns" finished-at="2024-09-27T10:09:52 CDT" duration-ms="13390" status="PASS">
          <reporter-output>
          </reporter-output>
        </test-method> <!-- testFAQReturns -->
        <test-method is-config="true" signature="tearDownMethod()[pri:0, instance:FAQReturn.com.FAQReturnsTest@2812b107]" started-at="2024-09-27T10:09:52 CDT" name="tearDownMethod" finished-at="2024-09-27T10:09:52 CDT" duration-ms="0" status="PASS">
          <reporter-output>
          </reporter-output>
        </test-method> <!-- tearDownMethod -->
        <test-method is-config="true" signature="tearDownClass()[pri:0, instance:FAQReturn.com.FAQReturnsTest@2812b107]" started-at="2024-09-27T10:09:52 CDT" name="tearDownClass" finished-at="2024-09-27T10:09:52 CDT" duration-ms="1" status="PASS">
          <reporter-output>
          </reporter-output>
        </test-method> <!-- tearDownClass -->
      </class> <!-- FAQReturn.com.FAQReturnsTest -->
    </test> <!-- Command line test -->
  </suite> <!-- Command line suite -->
</testng-results>
